<?xml version="1.0" encoding="UTF-8"?>
<!-- Generated by org.testng.reporters.JUnitXMLReporter -->
<testsuite ignored="1" hostname="TTNDALAPLIN012" failures="0" tests="1" name="Default test" time="75.939" errors="0" timestamp="2022-12-26T17:22:22 IST">
  <testcase classname="useCases.CampaignValUC" name="addCampaign" time="49.87"/>
  <testcase classname="useCases.CampaignValUC" name="createmultilingualCampaign" time="0.0">
    <ignored/>
  </testcase> <!-- createmultilingualCampaign -->
</testsuite> <!-- Default test -->
