<?xml version="1.0" encoding="UTF-8"?>
<!-- Generated by org.testng.reporters.JUnitXMLReporter -->
<testsuite ignored="1" hostname="TTNDALAPLIN009" failures="0" tests="1" name="Default test" time="67.104" errors="0" timestamp="2022-12-20T22:31:50 IST">
  <testcase classname="useCases.CampaignValUC" name="addCampaign" time="62.01"/>
  <testcase classname="useCases.CampaignValUC" name="createmultilingualCampaign" time="0.0">
    <ignored/>
  </testcase> <!-- createmultilingualCampaign -->
</testsuite> <!-- Default test -->
