<?xml version="1.0" encoding="UTF-8"?>
<!-- Generated by org.testng.reporters.JUnitXMLReporter -->
<testsuite ignored="7" hostname="TTNDALAPLIN009" failures="0" tests="1" name="Test1(failed)" time="6.636" errors="0" timestamp="2022-09-06T14:39:14 IST">
  <testcase classname="useCases.CommunicationValUC" name="testcase_2" time="6.609"/>
  <testcase classname="useCases.CommunicationValUC" name="testcase_10" time="0.0">
    <ignored/>
  </testcase> <!-- testcase_10 -->
  <testcase classname="useCases.CommunicationValUC" name="testcase_32" time="0.0">
    <ignored/>
  </testcase> <!-- testcase_32 -->
  <testcase classname="useCases.CommunicationValUC" name="testcase_67" time="0.0">
    <ignored/>
  </testcase> <!-- testcase_67 -->
  <testcase classname="useCases.CommunicationValUC" name="testcase_1" time="0.0">
    <ignored/>
  </testcase> <!-- testcase_1 -->
  <testcase classname="useCases.CommunicationValUC" name="testcase_5" time="0.0">
    <ignored/>
  </testcase> <!-- testcase_5 -->
  <testcase classname="useCases.CommunicationValUC" name="testcase_81" time="0.0">
    <ignored/>
  </testcase> <!-- testcase_81 -->
  <testcase classname="useCases.CommunicationValUC" name="testcase_9" time="0.0">
    <ignored/>
  </testcase> <!-- testcase_9 -->
</testsuite> <!-- Test1(failed) -->
