<?xml version="1.0" encoding="UTF-8"?>
<testng-results ignored="0" total="1" passed="1" failed="0" skipped="0">
  <reporter-output>
  </reporter-output>
  <suite started-at="2022-12-30T20:44:09 IST" name="Default suite" finished-at="2022-12-30T20:45:38 IST" duration-ms="89196">
    <groups>
    </groups>
    <test started-at="2022-12-30T20:44:09 IST" name="Default test" finished-at="2022-12-30T20:45:38 IST" duration-ms="89196">
      <class name="useCases.CampaignValUC">
        <test-method is-config="true" signature="doLogin()[pri:0, instance:useCases.CampaignValUC@5824a83d]" started-at="2022-12-30T20:44:09 IST" name="doLogin" finished-at="2022-12-30T20:44:29 IST" duration-ms="20170" status="PASS">
          <reporter-output>
          </reporter-output>
        </test-method> <!-- doLogin -->
        <test-method signature="addCampaign()[pri:0, instance:useCases.CampaignValUC@5824a83d]" started-at="2022-12-30T20:44:29 IST" name="addCampaign" finished-at="2022-12-30T20:45:38 IST" duration-ms="69008" status="PASS">
          <reporter-output>
          </reporter-output>
        </test-method> <!-- addCampaign -->
      </class> <!-- useCases.CampaignValUC -->
    </test> <!-- Default test -->
  </suite> <!-- Default suite -->
</testng-results>
