<?xml version="1.0" encoding="UTF-8"?>
<!-- Generated by org.testng.reporters.JUnitXMLReporter -->
<testsuite ignored="7" hostname="TTNDALAPLIN009" failures="0" tests="5" name="Press Release" time="9.645" errors="0" timestamp="2022-07-09T13:34:41 IST">
  <testcase classname="useCases.CommunicationValUC" name="testcase_1" time="1.492"/>
  <testcase classname="useCases.CommunicationValUC" name="testcase_2" time="0.007"/>
  <testcase classname="useCases.CommunicationValUC" name="testcase_9" time="0.195"/>
  <testcase classname="useCases.CommunicationValUC" name="testcase_10" time="3.229"/>
  <testcase classname="useCases.CommunicationValUC" name="testcase_32" time="1.229"/>
  <testcase classname="useCases.CommunicationValUC" name="testcase_22" time="0.0">
    <ignored/>
  </testcase> <!-- testcase_22 -->
  <testcase classname="useCases.CommunicationValUC" name="testcase_23" time="0.0">
    <ignored/>
  </testcase> <!-- testcase_23 -->
  <testcase classname="useCases.CommunicationValUC" name="testcase_67" time="0.0">
    <ignored/>
  </testcase> <!-- testcase_67 -->
  <testcase classname="useCases.LoginValidation" name="verifySuccessLogin" time="0.0">
    <ignored/>
  </testcase> <!-- verifySuccessLogin -->
  <testcase classname="useCases.LoginValidation" name="verifyErrorLogin" time="0.0">
    <ignored/>
  </testcase> <!-- verifyErrorLogin -->
  <testcase classname="useCases.CommunicationValUC" name="testcase_5" time="0.0">
    <ignored/>
  </testcase> <!-- testcase_5 -->
  <testcase classname="useCases.CommunicationValUC" name="testcase_81" time="0.0">
    <ignored/>
  </testcase> <!-- testcase_81 -->
</testsuite> <!-- Press Release -->
