<?xml version="1.0" encoding="UTF-8"?>
<!-- Generated by org.testng.reporters.JUnitXMLReporter -->
<testsuite ignored="6" hostname="TTNDALAPLIN009" failures="0" tests="2" name="Test1" time="12.228" errors="0" timestamp="2022-09-06T14:56:55 IST">
  <testcase classname="useCases.CommunicationValUC" name="testcase_1" time="6.683"/>
  <testcase classname="useCases.CommunicationValUC" name="testcase_2" time="5.524"/>
  <testcase classname="useCases.CommunicationValUC" name="testcase_10" time="0.0">
    <ignored/>
  </testcase> <!-- testcase_10 -->
  <testcase classname="useCases.CommunicationValUC" name="testcase_32" time="0.0">
    <ignored/>
  </testcase> <!-- testcase_32 -->
  <testcase classname="useCases.CommunicationValUC" name="testcase_67" time="0.0">
    <ignored/>
  </testcase> <!-- testcase_67 -->
  <testcase classname="useCases.CommunicationValUC" name="testcase_5" time="0.0">
    <ignored/>
  </testcase> <!-- testcase_5 -->
  <testcase classname="useCases.CommunicationValUC" name="testcase_81" time="0.0">
    <ignored/>
  </testcase> <!-- testcase_81 -->
  <testcase classname="useCases.CommunicationValUC" name="testcase_9" time="0.0">
    <ignored/>
  </testcase> <!-- testcase_9 -->
</testsuite> <!-- Test1 -->
