<?xml version="1.0" encoding="UTF-8"?>
<!-- Generated by org.testng.reporters.JUnitXMLReporter -->
<testsuite ignored="6" hostname="TTNDALAPLIN009" failures="0" tests="1" name="Test3" time="7.589" errors="0" timestamp="2022-07-15T01:59:36 IST">
  <testcase classname="useCases.CommunicationValUC" name="testcase_67" time="3.859"/>
  <testcase classname="useCases.CommunicationValUC" name="testcase_10" time="0.0">
    <ignored/>
  </testcase> <!-- testcase_10 -->
  <testcase classname="useCases.CommunicationValUC" name="testcase_32" time="0.0">
    <ignored/>
  </testcase> <!-- testcase_32 -->
  <testcase classname="useCases.CommunicationValUC" name="testcase_2" time="0.0">
    <ignored/>
  </testcase> <!-- testcase_2 -->
  <testcase classname="useCases.CommunicationValUC" name="testcase_1" time="0.0">
    <ignored/>
  </testcase> <!-- testcase_1 -->
  <testcase classname="useCases.CommunicationValUC" name="testcase_81" time="0.0">
    <ignored/>
  </testcase> <!-- testcase_81 -->
  <testcase classname="useCases.CommunicationValUC" name="testcase_9" time="0.0">
    <ignored/>
  </testcase> <!-- testcase_9 -->
</testsuite> <!-- Test3 -->
