<?xml version="1.0" encoding="UTF-8"?>
<!-- Generated by org.testng.reporters.JUnitXMLReporter -->
<testsuite ignored="7" hostname="TTNDALAPLIN009" failures="1" tests="1" name="Test2" time="5.058" errors="0" timestamp="2022-09-05T12:08:03 IST">
  <testcase classname="useCases.CommunicationValUC" name="testcase_9" time="0.002">
    <failure type="java.lang.NullPointerException" message="Cannot invoke &amp;quot;org.openqa.selenium.WebElement.isDisplayed()&amp;quot; because &amp;quot;element&amp;quot; is null">
      <![CDATA[java.lang.NullPointerException: Cannot invoke "org.openqa.selenium.WebElement.isDisplayed()" because "element" is null
at org.openqa.selenium.support.ui.ExpectedConditions.elementIfVisible(ExpectedConditions.java:307)
at org.openqa.selenium.support.ui.ExpectedConditions.access$000(ExpectedConditions.java:40)
at org.openqa.selenium.support.ui.ExpectedConditions$10.apply(ExpectedConditions.java:293)
at org.openqa.selenium.support.ui.ExpectedConditions$10.apply(ExpectedConditions.java:290)
at org.openqa.selenium.support.ui.FluentWait.until(FluentWait.java:208)
at reciproci.pages.Menu$Configurations$Masters.CommunicationSetting(Menu.java:151)
at useCases.CommunicationValUC.testcase_9(CommunicationValUC.java:44)
at java.base/java.util.ArrayList.forEach(ArrayList.java:1511)
... Removed 27 stack frames]]>
    </failure>
  </testcase> <!-- testcase_9 -->
  <testcase classname="useCases.CommunicationValUC" name="testcase_10" time="0.0">
    <ignored/>
  </testcase> <!-- testcase_10 -->
  <testcase classname="useCases.CommunicationValUC" name="testcase_32" time="0.0">
    <ignored/>
  </testcase> <!-- testcase_32 -->
  <testcase classname="useCases.CommunicationValUC" name="testcase_67" time="0.0">
    <ignored/>
  </testcase> <!-- testcase_67 -->
  <testcase classname="useCases.CommunicationValUC" name="testcase_2" time="0.0">
    <ignored/>
  </testcase> <!-- testcase_2 -->
  <testcase classname="useCases.CommunicationValUC" name="testcase_1" time="0.0">
    <ignored/>
  </testcase> <!-- testcase_1 -->
  <testcase classname="useCases.CommunicationValUC" name="TC_TH_USR_05" time="0.0">
    <ignored/>
  </testcase> <!-- TC_TH_USR_05 -->
  <testcase classname="useCases.CommunicationValUC" name="testcase_81" time="0.0">
    <ignored/>
  </testcase> <!-- testcase_81 -->
</testsuite> <!-- Test2 -->
