<?xml version="1.0" encoding="UTF-8"?>
<!-- Generated by org.testng.reporters.JUnitXMLReporter -->
<testsuite ignored="1" hostname="TTNDALAPLIN009" failures="0" tests="1" name="Verification" time="12.534" errors="0" timestamp="2022-06-16T01:31:23 IST">
  <testcase classname="rough.LoginPage" name="verifyErrorVerification" time="0.233"/>
  <testcase classname="rough.LoginPage" name="verifyLoginVerification" time="0.0">
    <ignored/>
  </testcase> <!-- verifyLoginVerification -->
</testsuite> <!-- Verification -->
